Using python version: 3.8.10 (default, Sep 28 2021, 16:10:42) 
[GCC 9.3.0]
Will run simulation(s) ['main.py'] using `/usr/bin/yadedaily', nice value 10, using max 12 cores.
Will use table `./table_gen/VM_ID_8_parametric.table', with available lines 2, 3, 4, 5, 6, 7, 8, 9, 10, 11, 12, 13, 14, 15, 16, 17, 18, 19, 20, 21, 22, 23, 24, 25, 26, 27, 28, 29, 30, 31, 32, 33.
Will use lines  2 (ID=256,Wedge_name=75,Max_depth=0.033,young=2700000.0,brush_friction=44.0,print_frction=24.0,radius_diff=6.25e-05), 3 (ID=257,Wedge_name=75,Max_depth=0.033,young=2700000.0,brush_friction=44.0,print_frction=24.0,radius_diff=7.500000000000001e-05), 4 (ID=258,Wedge_name=75,Max_depth=0.033,young=2700000.0,brush_friction=44.0,print_frction=24.0,radius_diff=8.75e-05), 5 (ID=259,Wedge_name=75,Max_depth=0.033,young=2700000.0,brush_friction=44.0,print_frction=24.0,radius_diff=0.0001), 6 (ID=260,Wedge_name=90,Max_depth=0.033,young=2700000.0,brush_friction=44.0,print_frction=24.0,radius_diff=0.0), 7 (ID=261,Wedge_name=90,Max_depth=0.033,young=1600000.0,brush_friction=44.0,print_frction=24.0,radius_diff=0.0), 8 (ID=262,Wedge_name=90,Max_depth=0.033,young=1737500.0,brush_friction=44.0,print_frction=24.0,radius_diff=0.0), 9 (ID=263,Wedge_name=90,Max_depth=0.033,young=1875000.0,brush_friction=44.0,print_frction=24.0,radius_diff=0.0), 10 (ID=264,Wedge_name=90,Max_depth=0.033,young=2012500.0,brush_friction=44.0,print_frction=24.0,radius_diff=0.0), 11 (ID=265,Wedge_name=90,Max_depth=0.033,young=2150000.0,brush_friction=44.0,print_frction=24.0,radius_diff=0.0), 12 (ID=266,Wedge_name=90,Max_depth=0.033,young=2287500.0,brush_friction=44.0,print_frction=24.0,radius_diff=0.0), 13 (ID=267,Wedge_name=90,Max_depth=0.033,young=2425000.0,brush_friction=44.0,print_frction=24.0,radius_diff=0.0), 14 (ID=268,Wedge_name=90,Max_depth=0.033,young=2562500.0,brush_friction=44.0,print_frction=24.0,radius_diff=0.0), 15 (ID=269,Wedge_name=90,Max_depth=0.033,young=2837500.0,brush_friction=44.0,print_frction=24.0,radius_diff=0.0), 16 (ID=270,Wedge_name=90,Max_depth=0.033,young=2975000.0,brush_friction=44.0,print_frction=24.0,radius_diff=0.0), 17 (ID=271,Wedge_name=90,Max_depth=0.033,young=3112500.0,brush_friction=44.0,print_frction=24.0,radius_diff=0.0), 18 (ID=272,Wedge_name=90,Max_depth=0.033,young=3250000.0,brush_friction=44.0,print_frction=24.0,radius_diff=0.0), 19 (ID=273,Wedge_name=90,Max_depth=0.033,young=3387500.0,brush_friction=44.0,print_frction=24.0,radius_diff=0.0), 20 (ID=274,Wedge_name=90,Max_depth=0.033,young=3525000.0,brush_friction=44.0,print_frction=24.0,radius_diff=0.0), 21 (ID=275,Wedge_name=90,Max_depth=0.033,young=3662500.0,brush_friction=44.0,print_frction=24.0,radius_diff=0.0), 22 (ID=276,Wedge_name=90,Max_depth=0.033,young=3800000.0,brush_friction=44.0,print_frction=24.0,radius_diff=0.0), 23 (ID=277,Wedge_name=90,Max_depth=0.033,young=2700000.0,brush_friction=42.0,print_frction=24.0,radius_diff=0.0), 24 (ID=278,Wedge_name=90,Max_depth=0.033,young=2700000.0,brush_friction=42.25,print_frction=24.0,radius_diff=0.0), 25 (ID=279,Wedge_name=90,Max_depth=0.033,young=2700000.0,brush_friction=42.5,print_frction=24.0,radius_diff=0.0), 26 (ID=280,Wedge_name=90,Max_depth=0.033,young=2700000.0,brush_friction=42.75,print_frction=24.0,radius_diff=0.0), 27 (ID=281,Wedge_name=90,Max_depth=0.033,young=2700000.0,brush_friction=43.0,print_frction=24.0,radius_diff=0.0), 28 (ID=282,Wedge_name=90,Max_depth=0.033,young=2700000.0,brush_friction=43.25,print_frction=24.0,radius_diff=0.0), 29 (ID=283,Wedge_name=90,Max_depth=0.033,young=2700000.0,brush_friction=43.5,print_frction=24.0,radius_diff=0.0), 30 (ID=284,Wedge_name=90,Max_depth=0.033,young=2700000.0,brush_friction=43.75,print_frction=24.0,radius_diff=0.0), 31 (ID=285,Wedge_name=90,Max_depth=0.033,young=2700000.0,brush_friction=44.25,print_frction=24.0,radius_diff=0.0), 32 (ID=286,Wedge_name=90,Max_depth=0.033,young=2700000.0,brush_friction=44.5,print_frction=24.0,radius_diff=0.0), 33 (ID=287,Wedge_name=90,Max_depth=0.033,young=2700000.0,brush_friction=44.75,print_frction=24.0,radius_diff=0.0).
Master process pid 17902
Job summary:
   #0 (ID=256,Wedge_name=75,Max_depth=0.033,young=2700000.0,brush_friction=44.0,print_frction=24.0,radius_diff=6.25e-05): YADE_BATCH=./table_gen/VM_ID_8_parametric.table:2 DISPLAY=  /usr/bin/yadedaily [threadspec] --nice=10 -x main.py> ./logs/main.py.2.log 2>&1
   #1 (ID=257,Wedge_name=75,Max_depth=0.033,young=2700000.0,brush_friction=44.0,print_frction=24.0,radius_diff=7.500000000000001e-05): YADE_BATCH=./table_gen/VM_ID_8_parametric.table:3 DISPLAY=  /usr/bin/yadedaily [threadspec] --nice=10 -x main.py> ./logs/main.py.3.log 2>&1
   #2 (ID=258,Wedge_name=75,Max_depth=0.033,young=2700000.0,brush_friction=44.0,print_frction=24.0,radius_diff=8.75e-05): YADE_BATCH=./table_gen/VM_ID_8_parametric.table:4 DISPLAY=  /usr/bin/yadedaily [threadspec] --nice=10 -x main.py> ./logs/main.py.4.log 2>&1
   #3 (ID=259,Wedge_name=75,Max_depth=0.033,young=2700000.0,brush_friction=44.0,print_frction=24.0,radius_diff=0.0001): YADE_BATCH=./table_gen/VM_ID_8_parametric.table:5 DISPLAY=  /usr/bin/yadedaily [threadspec] --nice=10 -x main.py> ./logs/main.py.5.log 2>&1
   #4 (ID=260,Wedge_name=90,Max_depth=0.033,young=2700000.0,brush_friction=44.0,print_frction=24.0,radius_diff=0.0): YADE_BATCH=./table_gen/VM_ID_8_parametric.table:6 DISPLAY=  /usr/bin/yadedaily [threadspec] --nice=10 -x main.py> ./logs/main.py.6.log 2>&1
   #5 (ID=261,Wedge_name=90,Max_depth=0.033,young=1600000.0,brush_friction=44.0,print_frction=24.0,radius_diff=0.0): YADE_BATCH=./table_gen/VM_ID_8_parametric.table:7 DISPLAY=  /usr/bin/yadedaily [threadspec] --nice=10 -x main.py> ./logs/main.py.7.log 2>&1
   #6 (ID=262,Wedge_name=90,Max_depth=0.033,young=1737500.0,brush_friction=44.0,print_frction=24.0,radius_diff=0.0): YADE_BATCH=./table_gen/VM_ID_8_parametric.table:8 DISPLAY=  /usr/bin/yadedaily [threadspec] --nice=10 -x main.py> ./logs/main.py.8.log 2>&1
   #7 (ID=263,Wedge_name=90,Max_depth=0.033,young=1875000.0,brush_friction=44.0,print_frction=24.0,radius_diff=0.0): YADE_BATCH=./table_gen/VM_ID_8_parametric.table:9 DISPLAY=  /usr/bin/yadedaily [threadspec] --nice=10 -x main.py> ./logs/main.py.9.log 2>&1
   #8 (ID=264,Wedge_name=90,Max_depth=0.033,young=2012500.0,brush_friction=44.0,print_frction=24.0,radius_diff=0.0): YADE_BATCH=./table_gen/VM_ID_8_parametric.table:10 DISPLAY=  /usr/bin/yadedaily [threadspec] --nice=10 -x main.py> ./logs/main.py.10.log 2>&1
   #9 (ID=265,Wedge_name=90,Max_depth=0.033,young=2150000.0,brush_friction=44.0,print_frction=24.0,radius_diff=0.0): YADE_BATCH=./table_gen/VM_ID_8_parametric.table:11 DISPLAY=  /usr/bin/yadedaily [threadspec] --nice=10 -x main.py> ./logs/main.py.11.log 2>&1
   #10 (ID=266,Wedge_name=90,Max_depth=0.033,young=2287500.0,brush_friction=44.0,print_frction=24.0,radius_diff=0.0): YADE_BATCH=./table_gen/VM_ID_8_parametric.table:12 DISPLAY=  /usr/bin/yadedaily [threadspec] --nice=10 -x main.py> ./logs/main.py.12.log 2>&1
   #11 (ID=267,Wedge_name=90,Max_depth=0.033,young=2425000.0,brush_friction=44.0,print_frction=24.0,radius_diff=0.0): YADE_BATCH=./table_gen/VM_ID_8_parametric.table:13 DISPLAY=  /usr/bin/yadedaily [threadspec] --nice=10 -x main.py> ./logs/main.py.13.log 2>&1
   #12 (ID=268,Wedge_name=90,Max_depth=0.033,young=2562500.0,brush_friction=44.0,print_frction=24.0,radius_diff=0.0): YADE_BATCH=./table_gen/VM_ID_8_parametric.table:14 DISPLAY=  /usr/bin/yadedaily [threadspec] --nice=10 -x main.py> ./logs/main.py.14.log 2>&1
   #13 (ID=269,Wedge_name=90,Max_depth=0.033,young=2837500.0,brush_friction=44.0,print_frction=24.0,radius_diff=0.0): YADE_BATCH=./table_gen/VM_ID_8_parametric.table:15 DISPLAY=  /usr/bin/yadedaily [threadspec] --nice=10 -x main.py> ./logs/main.py.15.log 2>&1
   #14 (ID=270,Wedge_name=90,Max_depth=0.033,young=2975000.0,brush_friction=44.0,print_frction=24.0,radius_diff=0.0): YADE_BATCH=./table_gen/VM_ID_8_parametric.table:16 DISPLAY=  /usr/bin/yadedaily [threadspec] --nice=10 -x main.py> ./logs/main.py.16.log 2>&1
   #15 (ID=271,Wedge_name=90,Max_depth=0.033,young=3112500.0,brush_friction=44.0,print_frction=24.0,radius_diff=0.0): YADE_BATCH=./table_gen/VM_ID_8_parametric.table:17 DISPLAY=  /usr/bin/yadedaily [threadspec] --nice=10 -x main.py> ./logs/main.py.17.log 2>&1
   #16 (ID=272,Wedge_name=90,Max_depth=0.033,young=3250000.0,brush_friction=44.0,print_frction=24.0,radius_diff=0.0): YADE_BATCH=./table_gen/VM_ID_8_parametric.table:18 DISPLAY=  /usr/bin/yadedaily [threadspec] --nice=10 -x main.py> ./logs/main.py.18.log 2>&1
   #17 (ID=273,Wedge_name=90,Max_depth=0.033,young=3387500.0,brush_friction=44.0,print_frction=24.0,radius_diff=0.0): YADE_BATCH=./table_gen/VM_ID_8_parametric.table:19 DISPLAY=  /usr/bin/yadedaily [threadspec] --nice=10 -x main.py> ./logs/main.py.19.log 2>&1
   #18 (ID=274,Wedge_name=90,Max_depth=0.033,young=3525000.0,brush_friction=44.0,print_frction=24.0,radius_diff=0.0): YADE_BATCH=./table_gen/VM_ID_8_parametric.table:20 DISPLAY=  /usr/bin/yadedaily [threadspec] --nice=10 -x main.py> ./logs/main.py.20.log 2>&1
   #19 (ID=275,Wedge_name=90,Max_depth=0.033,young=3662500.0,brush_friction=44.0,print_frction=24.0,radius_diff=0.0): YADE_BATCH=./table_gen/VM_ID_8_parametric.table:21 DISPLAY=  /usr/bin/yadedaily [threadspec] --nice=10 -x main.py> ./logs/main.py.21.log 2>&1
   #20 (ID=276,Wedge_name=90,Max_depth=0.033,young=3800000.0,brush_friction=44.0,print_frction=24.0,radius_diff=0.0): YADE_BATCH=./table_gen/VM_ID_8_parametric.table:22 DISPLAY=  /usr/bin/yadedaily [threadspec] --nice=10 -x main.py> ./logs/main.py.22.log 2>&1
   #21 (ID=277,Wedge_name=90,Max_depth=0.033,young=2700000.0,brush_friction=42.0,print_frction=24.0,radius_diff=0.0): YADE_BATCH=./table_gen/VM_ID_8_parametric.table:23 DISPLAY=  /usr/bin/yadedaily [threadspec] --nice=10 -x main.py> ./logs/main.py.23.log 2>&1
   #22 (ID=278,Wedge_name=90,Max_depth=0.033,young=2700000.0,brush_friction=42.25,print_frction=24.0,radius_diff=0.0): YADE_BATCH=./table_gen/VM_ID_8_parametric.table:24 DISPLAY=  /usr/bin/yadedaily [threadspec] --nice=10 -x main.py> ./logs/main.py.24.log 2>&1
   #23 (ID=279,Wedge_name=90,Max_depth=0.033,young=2700000.0,brush_friction=42.5,print_frction=24.0,radius_diff=0.0): YADE_BATCH=./table_gen/VM_ID_8_parametric.table:25 DISPLAY=  /usr/bin/yadedaily [threadspec] --nice=10 -x main.py> ./logs/main.py.25.log 2>&1
   #24 (ID=280,Wedge_name=90,Max_depth=0.033,young=2700000.0,brush_friction=42.75,print_frction=24.0,radius_diff=0.0): YADE_BATCH=./table_gen/VM_ID_8_parametric.table:26 DISPLAY=  /usr/bin/yadedaily [threadspec] --nice=10 -x main.py> ./logs/main.py.26.log 2>&1
   #25 (ID=281,Wedge_name=90,Max_depth=0.033,young=2700000.0,brush_friction=43.0,print_frction=24.0,radius_diff=0.0): YADE_BATCH=./table_gen/VM_ID_8_parametric.table:27 DISPLAY=  /usr/bin/yadedaily [threadspec] --nice=10 -x main.py> ./logs/main.py.27.log 2>&1
   #26 (ID=282,Wedge_name=90,Max_depth=0.033,young=2700000.0,brush_friction=43.25,print_frction=24.0,radius_diff=0.0): YADE_BATCH=./table_gen/VM_ID_8_parametric.table:28 DISPLAY=  /usr/bin/yadedaily [threadspec] --nice=10 -x main.py> ./logs/main.py.28.log 2>&1
   #27 (ID=283,Wedge_name=90,Max_depth=0.033,young=2700000.0,brush_friction=43.5,print_frction=24.0,radius_diff=0.0): YADE_BATCH=./table_gen/VM_ID_8_parametric.table:29 DISPLAY=  /usr/bin/yadedaily [threadspec] --nice=10 -x main.py> ./logs/main.py.29.log 2>&1
   #28 (ID=284,Wedge_name=90,Max_depth=0.033,young=2700000.0,brush_friction=43.75,print_frction=24.0,radius_diff=0.0): YADE_BATCH=./table_gen/VM_ID_8_parametric.table:30 DISPLAY=  /usr/bin/yadedaily [threadspec] --nice=10 -x main.py> ./logs/main.py.30.log 2>&1
   #29 (ID=285,Wedge_name=90,Max_depth=0.033,young=2700000.0,brush_friction=44.25,print_frction=24.0,radius_diff=0.0): YADE_BATCH=./table_gen/VM_ID_8_parametric.table:31 DISPLAY=  /usr/bin/yadedaily [threadspec] --nice=10 -x main.py> ./logs/main.py.31.log 2>&1
   #30 (ID=286,Wedge_name=90,Max_depth=0.033,young=2700000.0,brush_friction=44.5,print_frction=24.0,radius_diff=0.0): YADE_BATCH=./table_gen/VM_ID_8_parametric.table:32 DISPLAY=  /usr/bin/yadedaily [threadspec] --nice=10 -x main.py> ./logs/main.py.32.log 2>&1
   #31 (ID=287,Wedge_name=90,Max_depth=0.033,young=2700000.0,brush_friction=44.75,print_frction=24.0,radius_diff=0.0): YADE_BATCH=./table_gen/VM_ID_8_parametric.table:33 DISPLAY=  /usr/bin/yadedaily [threadspec] --nice=10 -x main.py> ./logs/main.py.33.log 2>&1
http://localhost:9080 shows batch summary
#0 (ID=256,Wedge_name=75,Max_depth=0.033,young=2700000.0,brush_friction=44.0,print_frction=24.0,radius_diff=6.25e-05) started on Mon Oct 18 21:15:18 2021
#1 (ID=257,Wedge_name=75,Max_depth=0.033,young=2700000.0,brush_friction=44.0,print_frction=24.0,radius_diff=7.500000000000001e-05) started on Mon Oct 18 21:15:18 2021
#2 (ID=258,Wedge_name=75,Max_depth=0.033,young=2700000.0,brush_friction=44.0,print_frction=24.0,radius_diff=8.75e-05) started on Mon Oct 18 21:15:19 2021
#3 (ID=259,Wedge_name=75,Max_depth=0.033,young=2700000.0,brush_friction=44.0,print_frction=24.0,radius_diff=0.0001) started on Mon Oct 18 21:15:19 2021
#4 (ID=260,Wedge_name=90,Max_depth=0.033,young=2700000.0,brush_friction=44.0,print_frction=24.0,radius_diff=0.0) started on Mon Oct 18 21:15:20 2021
#5 (ID=261,Wedge_name=90,Max_depth=0.033,young=1600000.0,brush_friction=44.0,print_frction=24.0,radius_diff=0.0) started on Mon Oct 18 21:15:20 2021
#6 (ID=262,Wedge_name=90,Max_depth=0.033,young=1737500.0,brush_friction=44.0,print_frction=24.0,radius_diff=0.0) started on Mon Oct 18 21:15:21 2021
#7 (ID=263,Wedge_name=90,Max_depth=0.033,young=1875000.0,brush_friction=44.0,print_frction=24.0,radius_diff=0.0) started on Mon Oct 18 21:15:21 2021
#8 (ID=264,Wedge_name=90,Max_depth=0.033,young=2012500.0,brush_friction=44.0,print_frction=24.0,radius_diff=0.0) started on Mon Oct 18 21:15:22 2021
#9 (ID=265,Wedge_name=90,Max_depth=0.033,young=2150000.0,brush_friction=44.0,print_frction=24.0,radius_diff=0.0) started on Mon Oct 18 21:15:22 2021
#10 (ID=266,Wedge_name=90,Max_depth=0.033,young=2287500.0,brush_friction=44.0,print_frction=24.0,radius_diff=0.0) started on Mon Oct 18 21:15:23 2021
#11 (ID=267,Wedge_name=90,Max_depth=0.033,young=2425000.0,brush_friction=44.0,print_frction=24.0,radius_diff=0.0) started on Mon Oct 18 21:15:23 2021
#3 (ID=259,Wedge_name=75,Max_depth=0.033,young=2700000.0,brush_friction=44.0,print_frction=24.0,radius_diff=0.0001) done    (exit status 0), duration 00:33:37, log ./logs/main.py.5.log, plot ./logs/main.py.5.png
#0 (ID=256,Wedge_name=75,Max_depth=0.033,young=2700000.0,brush_friction=44.0,print_frction=24.0,radius_diff=6.25e-05) done    (exit status 0), duration 00:33:38, log ./logs/main.py.2.log, plot ./logs/main.py.2.png
#1 (ID=257,Wedge_name=75,Max_depth=0.033,young=2700000.0,brush_friction=44.0,print_frction=24.0,radius_diff=7.500000000000001e-05) done    (exit status 0), duration 00:33:38, log ./logs/main.py.3.log, plot ./logs/main.py.3.png
#12 (ID=268,Wedge_name=90,Max_depth=0.033,young=2562500.0,brush_friction=44.0,print_frction=24.0,radius_diff=0.0) started on Mon Oct 18 21:48:56 2021
#8 (ID=264,Wedge_name=90,Max_depth=0.033,young=2012500.0,brush_friction=44.0,print_frction=24.0,radius_diff=0.0) done    (exit status 0), duration 00:33:34, log ./logs/main.py.10.log, plot ./logs/main.py.10.png
#9 (ID=265,Wedge_name=90,Max_depth=0.033,young=2150000.0,brush_friction=44.0,print_frction=24.0,radius_diff=0.0) done    (exit status 0), duration 00:33:34, log ./logs/main.py.11.log, plot ./logs/main.py.11.png
#5 (ID=261,Wedge_name=90,Max_depth=0.033,young=1600000.0,brush_friction=44.0,print_frction=24.0,radius_diff=0.0) done    (exit status 0), duration 00:33:36, log ./logs/main.py.7.log, plot ./logs/main.py.7.png
#6 (ID=262,Wedge_name=90,Max_depth=0.033,young=1737500.0,brush_friction=44.0,print_frction=24.0,radius_diff=0.0) done    (exit status 0), duration 00:33:35, log ./logs/main.py.8.log, plot ./logs/main.py.8.png
#2 (ID=258,Wedge_name=75,Max_depth=0.033,young=2700000.0,brush_friction=44.0,print_frction=24.0,radius_diff=8.75e-05) done    (exit status 0), duration 00:33:37, log ./logs/main.py.4.log, plot ./logs/main.py.4.png
#7 (ID=263,Wedge_name=90,Max_depth=0.033,young=1875000.0,brush_friction=44.0,print_frction=24.0,radius_diff=0.0) done    (exit status 0), duration 00:33:35, log ./logs/main.py.9.log, plot ./logs/main.py.9.png
#10 (ID=266,Wedge_name=90,Max_depth=0.033,young=2287500.0,brush_friction=44.0,print_frction=24.0,radius_diff=0.0) done    (exit status 0), duration 00:33:33, log ./logs/main.py.12.log, plot ./logs/main.py.12.png
#4 (ID=260,Wedge_name=90,Max_depth=0.033,young=2700000.0,brush_friction=44.0,print_frction=24.0,radius_diff=0.0) done    (exit status 0), duration 00:33:36, log ./logs/main.py.6.log, plot ./logs/main.py.6.png
#11 (ID=267,Wedge_name=90,Max_depth=0.033,young=2425000.0,brush_friction=44.0,print_frction=24.0,radius_diff=0.0) done    (exit status 0), duration 00:33:33, log ./logs/main.py.13.log, plot ./logs/main.py.13.png
#13 (ID=269,Wedge_name=90,Max_depth=0.033,young=2837500.0,brush_friction=44.0,print_frction=24.0,radius_diff=0.0) started on Mon Oct 18 21:48:57 2021
#14 (ID=270,Wedge_name=90,Max_depth=0.033,young=2975000.0,brush_friction=44.0,print_frction=24.0,radius_diff=0.0) started on Mon Oct 18 21:48:58 2021
#15 (ID=271,Wedge_name=90,Max_depth=0.033,young=3112500.0,brush_friction=44.0,print_frction=24.0,radius_diff=0.0) started on Mon Oct 18 21:48:58 2021
#16 (ID=272,Wedge_name=90,Max_depth=0.033,young=3250000.0,brush_friction=44.0,print_frction=24.0,radius_diff=0.0) started on Mon Oct 18 21:48:59 2021
#17 (ID=273,Wedge_name=90,Max_depth=0.033,young=3387500.0,brush_friction=44.0,print_frction=24.0,radius_diff=0.0) started on Mon Oct 18 21:48:59 2021
#18 (ID=274,Wedge_name=90,Max_depth=0.033,young=3525000.0,brush_friction=44.0,print_frction=24.0,radius_diff=0.0) started on Mon Oct 18 21:49:00 2021
#19 (ID=275,Wedge_name=90,Max_depth=0.033,young=3662500.0,brush_friction=44.0,print_frction=24.0,radius_diff=0.0) started on Mon Oct 18 21:49:00 2021
#20 (ID=276,Wedge_name=90,Max_depth=0.033,young=3800000.0,brush_friction=44.0,print_frction=24.0,radius_diff=0.0) started on Mon Oct 18 21:49:01 2021
#21 (ID=277,Wedge_name=90,Max_depth=0.033,young=2700000.0,brush_friction=42.0,print_frction=24.0,radius_diff=0.0) started on Mon Oct 18 21:49:01 2021
#22 (ID=278,Wedge_name=90,Max_depth=0.033,young=2700000.0,brush_friction=42.25,print_frction=24.0,radius_diff=0.0) started on Mon Oct 18 21:49:02 2021
#23 (ID=279,Wedge_name=90,Max_depth=0.033,young=2700000.0,brush_friction=42.5,print_frction=24.0,radius_diff=0.0) started on Mon Oct 18 21:49:02 2021
#21 (ID=277,Wedge_name=90,Max_depth=0.033,young=2700000.0,brush_friction=42.0,print_frction=24.0,radius_diff=0.0) done    (exit status 0), duration 03:27:54, log ./logs/main.py.23.log, plot ./logs/main.py.23.png
#24 (ID=280,Wedge_name=90,Max_depth=0.033,young=2700000.0,brush_friction=42.75,print_frction=24.0,radius_diff=0.0) started on Tue Oct 19 01:16:56 2021
#23 (ID=279,Wedge_name=90,Max_depth=0.033,young=2700000.0,brush_friction=42.5,print_frction=24.0,radius_diff=0.0) done    (exit status 0), duration 03:29:04, log ./logs/main.py.25.log, plot ./logs/main.py.25.png
#25 (ID=281,Wedge_name=90,Max_depth=0.033,young=2700000.0,brush_friction=43.0,print_frction=24.0,radius_diff=0.0) started on Tue Oct 19 01:18:07 2021
#12 (ID=268,Wedge_name=90,Max_depth=0.033,young=2562500.0,brush_friction=44.0,print_frction=24.0,radius_diff=0.0) done    (exit status 0), duration 03:29:10, log ./logs/main.py.14.log, plot ./logs/main.py.14.png
#26 (ID=282,Wedge_name=90,Max_depth=0.033,young=2700000.0,brush_friction=43.25,print_frction=24.0,radius_diff=0.0) started on Tue Oct 19 01:18:07 2021
#16 (ID=272,Wedge_name=90,Max_depth=0.033,young=3250000.0,brush_friction=44.0,print_frction=24.0,radius_diff=0.0) done    (exit status 0), duration 03:29:10, log ./logs/main.py.18.log, plot ./logs/main.py.18.png
#27 (ID=283,Wedge_name=90,Max_depth=0.033,young=2700000.0,brush_friction=43.5,print_frction=24.0,radius_diff=0.0) started on Tue Oct 19 01:18:09 2021
#22 (ID=278,Wedge_name=90,Max_depth=0.033,young=2700000.0,brush_friction=42.25,print_frction=24.0,radius_diff=0.0) done    (exit status 0), duration 03:29:55, log ./logs/main.py.24.log, plot ./logs/main.py.24.png
#28 (ID=284,Wedge_name=90,Max_depth=0.033,young=2700000.0,brush_friction=43.75,print_frction=24.0,radius_diff=0.0) started on Tue Oct 19 01:18:57 2021
#13 (ID=269,Wedge_name=90,Max_depth=0.033,young=2837500.0,brush_friction=44.0,print_frction=24.0,radius_diff=0.0) done    (exit status 0), duration 03:30:04, log ./logs/main.py.15.log, plot ./logs/main.py.15.png
#29 (ID=285,Wedge_name=90,Max_depth=0.033,young=2700000.0,brush_friction=44.25,print_frction=24.0,radius_diff=0.0) started on Tue Oct 19 01:19:02 2021
#15 (ID=271,Wedge_name=90,Max_depth=0.033,young=3112500.0,brush_friction=44.0,print_frction=24.0,radius_diff=0.0) done    (exit status 0), duration 03:30:06, log ./logs/main.py.17.log, plot ./logs/main.py.17.png
#30 (ID=286,Wedge_name=90,Max_depth=0.033,young=2700000.0,brush_friction=44.5,print_frction=24.0,radius_diff=0.0) started on Tue Oct 19 01:19:04 2021
#20 (ID=276,Wedge_name=90,Max_depth=0.033,young=3800000.0,brush_friction=44.0,print_frction=24.0,radius_diff=0.0) done    (exit status 0), duration 03:30:26, log ./logs/main.py.22.log, plot ./logs/main.py.22.png
#31 (ID=287,Wedge_name=90,Max_depth=0.033,young=2700000.0,brush_friction=44.75,print_frction=24.0,radius_diff=0.0) started on Tue Oct 19 01:19:27 2021
#17 (ID=273,Wedge_name=90,Max_depth=0.033,young=3387500.0,brush_friction=44.0,print_frction=24.0,radius_diff=0.0) done    (exit status 0), duration 03:30:40, log ./logs/main.py.19.log, plot ./logs/main.py.19.png
#14 (ID=270,Wedge_name=90,Max_depth=0.033,young=2975000.0,brush_friction=44.0,print_frction=24.0,radius_diff=0.0) done    (exit status 0), duration 03:30:44, log ./logs/main.py.16.log, plot ./logs/main.py.16.png
#19 (ID=275,Wedge_name=90,Max_depth=0.033,young=3662500.0,brush_friction=44.0,print_frction=24.0,radius_diff=0.0) done    (exit status 0), duration 03:31:06, log ./logs/main.py.21.log, plot ./logs/main.py.21.png
#18 (ID=274,Wedge_name=90,Max_depth=0.033,young=3525000.0,brush_friction=44.0,print_frction=24.0,radius_diff=0.0) done    (exit status 0), duration 03:31:37, log ./logs/main.py.20.log, plot ./logs/main.py.20.png
#27 (ID=283,Wedge_name=90,Max_depth=0.033,young=2700000.0,brush_friction=43.5,print_frction=24.0,radius_diff=0.0) done    (exit status 0), duration 02:18:53, log ./logs/main.py.29.log, plot ./logs/main.py.29.png
#25 (ID=281,Wedge_name=90,Max_depth=0.033,young=2700000.0,brush_friction=43.0,print_frction=24.0,radius_diff=0.0) done    (exit status 0), duration 02:21:09, log ./logs/main.py.27.log, plot ./logs/main.py.27.png
#24 (ID=280,Wedge_name=90,Max_depth=0.033,young=2700000.0,brush_friction=42.75,print_frction=24.0,radius_diff=0.0) done    (exit status 0), duration 02:22:30, log ./logs/main.py.26.log, plot ./logs/main.py.26.png
#28 (ID=284,Wedge_name=90,Max_depth=0.033,young=2700000.0,brush_friction=43.75,print_frction=24.0,radius_diff=0.0) done    (exit status 0), duration 02:24:03, log ./logs/main.py.30.log, plot ./logs/main.py.30.png
#26 (ID=282,Wedge_name=90,Max_depth=0.033,young=2700000.0,brush_friction=43.25,print_frction=24.0,radius_diff=0.0) done    (exit status 0), duration 02:26:11, log ./logs/main.py.28.log, plot ./logs/main.py.28.png
#29 (ID=285,Wedge_name=90,Max_depth=0.033,young=2700000.0,brush_friction=44.25,print_frction=24.0,radius_diff=0.0) done    (exit status 0), duration 02:26:26, log ./logs/main.py.31.log, plot ./logs/main.py.31.png
#30 (ID=286,Wedge_name=90,Max_depth=0.033,young=2700000.0,brush_friction=44.5,print_frction=24.0,radius_diff=0.0) done    (exit status 0), duration 02:26:56, log ./logs/main.py.32.log, plot ./logs/main.py.32.png
#31 (ID=287,Wedge_name=90,Max_depth=0.033,young=2700000.0,brush_friction=44.75,print_frction=24.0,radius_diff=0.0) done    (exit status 0), duration 02:28:24, log ./logs/main.py.33.log, plot ./logs/main.py.33.png
